<?xml version="1.0" encoding="UTF-8"?>
<testsuite xmlns:xsi="http://www.w3.org/2001/XMLSchema-instance" xsi:schemaLocation="https://maven.apache.org/surefire/maven-surefire-plugin/xsd/surefire-test-report.xsd" name="LoginTest" time="5.231" tests="4" errors="0" skipped="0" failures="0">
  <properties>
[...]
</properties>
  <testcase name="test1" classname="LoginTest" time="0.082"/>
  <testcase name="test2" classname="LoginTest" time="3.24"/>
  <testcase name="test3" classname="LoginTest" time="0.417"/>
  <testcase name="test4" classname="LoginTest" time="0.582"/>
</testsuite>